[schernolyas@oraclelinux cpuminer-multi-master]$ ./minerd -a x11 -t 1 -u sergey461 -p Sc27071977 -o stratum+tcp://mine3.coinmine.pl:16090 -D
[2015-09-25 18:08:18] 1 miner threads started, using 'x11' algorithm.
[2015-09-25 18:08:18] Starting Stratum on stratum+tcp://mine3.coinmine.pl:16090
[2015-09-25 18:08:18] Stratum session id: deadbeefcafebabe6485370000000000
[2015-09-25 18:08:18] Stratum difficulty set to 0.03125
[2015-09-25 18:08:18] DEBUG: coinb1='01000000010000000000000000000000000000000000000000000000000000000000000000ffffffff2003133905047e64055608' coinb2=0d2f6e6f64655374726174756d2f0000000002f3da000f000000001976a914edc3ed0229526ea4c728d714b5289f97e7f63a2188aceada000f000000001976a914379ec5e42845cf0c93294952a8e9e55047bb0ca988ac00000000
[2015-09-25 18:08:18] 1.DEBUG: job_id='cbb1' extranonce2=00000000 ntime=00000000
[2015-09-25 18:08:18] DEBUG: coinBaseStr=01000000010000000000000000000000000000000000000000000000000000000000000000ffffffff2003133905047e640556087fedb6ae000000000d2f6e6f64655374726174756d2f0000000002f3da000f000000001976a914edc3ed0229526ea4c728d714b5289f97e7f63a2188aceada000f000000001976a914379ec5e42845cf0c93294952a8e9e55047bb0ca988ac00000000 
[2015-09-25 18:08:18] DEBUG: merkleBranchStr=fba3f6bf08fbabafdf3ae1d66dd13a8798eaf29a39235d495d1bcd02ef2e8f37 
[2015-09-25 18:08:18] DEBUG: merkleBranchStr=7f218cf6fc3223d497c5ed4b72b7c6df3e8d679b93dc34932978774b011a9cc8 
[2015-09-25 18:08:18] DEBUG: merkleBranchStr=a211087f67f08362489fbd44fc0375c76e80c7e6f7321fa3c9885e09bafec1d3 
[2015-09-25 18:08:18] DEBUG: resultMerkleRoot=bdfe6845faeb6293a1109e0af9442e0992099aa864d2661e945b1b5393a1fd81 
[2015-09-25 18:08:18] DEBUG: prevhashStr=7fb4163f834ae0187184bd1ae35df007fb61ddf0c6f9152d0012b85200000000 
[2015-09-25 18:08:18] DEBUG: Assemble block header 
[2015-09-25 18:08:18] DEBUG: headerStr=0000000300000000000000000000000000000000000000000000000000000000000000000000000000000000000000000000000000000000000000000000000000000000000000000000000000000000 
[2015-09-25 18:08:18] DEBUG: headerStr=000000037fb4163f834ae0187184bd1ae35df007fb61ddf0c6f9152d0012b852000000000000000000000000000000000000000000000000000000000000000000000000000000000000000000000000 
[2015-09-25 18:08:18] DEBUG: headerStr=000000037fb4163f834ae0187184bd1ae35df007fb61ddf0c6f9152d0012b852000000004568febd9362ebfa0a9e10a1092e44f9a89a09921e66d264531b5b9481fda193000000000000000000000000 
[2015-09-25 18:08:18] DEBUG: headerStr=000000037fb4163f834ae0187184bd1ae35df007fb61ddf0c6f9152d0012b852000000004568febd9362ebfa0a9e10a1092e44f9a89a09921e66d264531b5b9481fda1935605647e0000000000000000 
[2015-09-25 18:08:18] DEBUG: headerStr=000000037fb4163f834ae0187184bd1ae35df007fb61ddf0c6f9152d0012b852000000004568febd9362ebfa0a9e10a1092e44f9a89a09921e66d264531b5b9481fda1935605647e1b19530800000000 
[2015-09-25 18:08:18] DEBUG: headerStr=000000037fb4163f834ae0187184bd1ae35df007fb61ddf0c6f9152d0012b852000000004568febd9362ebfa0a9e10a1092e44f9a89a09921e66d264531b5b9481fda1935605647e1b19530800000000 
[2015-09-25 18:08:18] DEBUG: headerStr=000000037fb4163f834ae0187184bd1ae35df007fb61ddf0c6f9152d0012b852000000004568febd9362ebfa0a9e10a1092e44f9a89a09921e66d264531b5b9481fda1935605647e1b19530800000000 
[2015-09-25 18:08:18] DEBUG: headerStr=000000037fb4163f834ae0187184bd1ae35df007fb61ddf0c6f9152d0012b852000000004568febd9362ebfa0a9e10a1092e44f9a89a09921e66d264531b5b9481fda1935605647e1b19530800000000 
[2015-09-25 18:08:18] 2.DEBUG: job_id='cbb1' extranonce2=00000000 ntime=5605647e
[2015-09-25 18:08:18] 3.DEBUG: target='' diff=''
[2015-09-25 18:08:18] DEBUG: coinb1='01000000010000000000000000000000000000000000000000000000000000000000000000ffffffff200314390504b164055608' coinb2=0d2f6e6f64655374726174756d2f0000000002b398f10e000000001976a914edc3ed0229526ea4c728d714b5289f97e7f63a2188acaa98f10e000000001976a91438bc63a7c936d407fe33f76e0f8f8490afe1359a88ac00000000
[2015-09-25 18:08:18] 1.DEBUG: job_id='cbb2' extranonce2=00000000 ntime=5605647e
[2015-09-25 18:08:18] DEBUG: coinBaseStr=01000000010000000000000000000000000000000000000000000000000000000000000000ffffffff200314390504b1640556087fedb6ae000000000d2f6e6f64655374726174756d2f0000000002b398f10e000000001976a914edc3ed0229526ea4c728d714b5289f97e7f63a2188acaa98f10e000000001976a91438bc63a7c936d407fe33f76e0f8f8490afe1359a88ac00000000 
[2015-09-25 18:08:18] DEBUG: resultMerkleRoot=e9dbf74af1f9da0abd8642d2a0cde9fad4c7bef19e43304a8c1938bb55e1e967 
[2015-09-25 18:08:18] DEBUG: prevhashStr=320137294d7a49bb7750c61334f076406986fb71a2eeadf1000aa27600000000 
[2015-09-25 18:08:18] DEBUG: Assemble block header 
[2015-09-25 18:08:18] DEBUG: headerStr=0000000300000000000000000000000000000000000000000000000000000000000000000000000000000000000000000000000000000000000000000000000000000000000000000000000000000000 
[2015-09-25 18:08:18] DEBUG: headerStr=00000003320137294d7a49bb7750c61334f076406986fb71a2eeadf1000aa276000000000000000000000000000000000000000000000000000000000000000000000000000000000000000000000000 
[2015-09-25 18:08:18] DEBUG: headerStr=00000003320137294d7a49bb7750c61334f076406986fb71a2eeadf1000aa276000000004af7dbe90adaf9f1d24286bdfae9cda0f1bec7d44a30439ebb38198c67e9e155000000000000000000000000 
[2015-09-25 18:08:18] DEBUG: headerStr=00000003320137294d7a49bb7750c61334f076406986fb71a2eeadf1000aa276000000004af7dbe90adaf9f1d24286bdfae9cda0f1bec7d44a30439ebb38198c67e9e155560564b10000000000000000 
[2015-09-25 18:08:18] DEBUG: headerStr=00000003320137294d7a49bb7750c61334f076406986fb71a2eeadf1000aa276000000004af7dbe90adaf9f1d24286bdfae9cda0f1bec7d44a30439ebb38198c67e9e155560564b11b1ba82100000000 
[2015-09-25 18:08:18] DEBUG: headerStr=00000003320137294d7a49bb7750c61334f076406986fb71a2eeadf1000aa276000000004af7dbe90adaf9f1d24286bdfae9cda0f1bec7d44a30439ebb38198c67e9e155560564b11b1ba82100000000 
[2015-09-25 18:08:18] DEBUG: headerStr=00000003320137294d7a49bb7750c61334f076406986fb71a2eeadf1000aa276000000004af7dbe90adaf9f1d24286bdfae9cda0f1bec7d44a30439ebb38198c67e9e155560564b11b1ba82100000000 
[2015-09-25 18:08:18] DEBUG: headerStr=00000003320137294d7a49bb7750c61334f076406986fb71a2eeadf1000aa276000000004af7dbe90adaf9f1d24286bdfae9cda0f1bec7d44a30439ebb38198c67e9e155560564b11b1ba82100000000 
[2015-09-25 18:08:18] 2.DEBUG: job_id='cbb2' extranonce2=00000000 ntime=560564b1
[2015-09-25 18:08:18] 3.DEBUG: target='' diff=''
[2015-09-25 18:08:18] Stratum detected new block
[2015-09-25 18:08:19] max64=(0x1fffff)
[2015-09-25 18:08:19] work.target=(0x7fbe2d416cc0)
[2015-09-25 18:08:19] scanhash_x11:DEBUG: pdata='3000000' 
[2015-09-25 18:08:19] scanhash_x11:DEBUG: ptarget='0' 
[2015-09-25 18:08:19] scanhash_x11:DEBUG: Thr: 00, firstN: 00000000, maxN: 001fffff, ToDo: 2097151
[2015-09-25 18:08:19] scanhash_x11:DEBUG: endiandata='0300000029370132bb497a4d13c650774076f03471fb8669f1adeea276a20a0000000000e9dbf74af1f9da0abd8642d2a0cde9fad4c7bef19e43304a8c1938bb55e1e967b164055621a81b1b00000000'
[2015-09-25 18:08:19] scanhash_x11:DEBUG: ptargetStr='0000000000000000000000000000000000000000000000000000e0ff1f000000c0080024be7f00000400000000000000e0080024be7f0000000000000000000000000000000000000000000000000000'
[2015-09-25 18:08:19] x11_hash:DEBUG: headerStr='0300000029370132bb497a4d13c650774076f03471fb8669f1adeea276a20a0000000000e9dbf74af1f9da0abd8642d2a0cde9fad4c7bef19e43304a8c1938bb55e1e967b164055621a81b1b00000000'
[2015-09-25 18:08:19] x11_hash:DEBUG: headerStr='0300000029370132bb497a4d13c650774076f03471fb8669f1adeea276a20a0000000000e9dbf74af1f9da0abd8642d2a0cde9fad4c7bef19e43304a8c1938bb55e1e967b164055621a81b1b00000001'

